============================================================
  Generated by:           Genus(TM) Synthesis Solution 21.18-s082_1
  Generated on:           May 22 2026  12:19:19 pm
  Module:                 gpu
  Operating conditions:   PVT_0P9V_125C 
  Interconnect mode:      global
  Area mode:              physical library
============================================================

Timing
--------

Clock  Period 
--------------
clk   10000.0 


  Cost    Critical         Violating 
 Group   Path Slack  TNS     Paths   
-------------------------------------
clk           522.2   0.0          0 
default    No paths   0.0            
-------------------------------------
Total                 0.0          0 

Instance Count
--------------
Leaf Instance Count             11776 
Physical Instance count             0 
Sequential Instance Count        1827 
Combinational Instance Count     9949 
Hierarchical Instance Count         0 

Area
----
Cell Area                          35842.626
Physical Cell Area                 0.000
Total Cell Area (Cell+Physical)    35842.626
Net Area                           15602.000
Total Area (Cell+Physical+Net)     51444.626

Max Fanout                         1827 (clk)
Min Fanout                         0 (cores[1].core_instance_threads[0].lsu_instance_is_write_op)
Average Fanout                     2.6
Terms to net ratio                 3.5800
Terms to instance ratio            3.7591
Runtime                            353.6945760000001 seconds
Elapsed Runtime                    358 seconds
Genus peak memory usage            1743.26 
Innovus peak memory usage          no_value 
Hostname                           vlsi
