============================================================
  Generated by:           Genus(TM) Synthesis Solution 21.18-s082_1
  Generated on:           May 22 2026  12:19:18 pm
  Module:                 gpu
  Operating conditions:   PVT_0P9V_125C 
  Interconnect mode:      global
  Area mode:              physical library
============================================================


Path 1: MET (522 ps) Setup Check with Pin data_memory_controller_controller_state_reg[5]/CK->D
          Group: clk
     Startpoint: (R) data_memory_controller_channel_serving_consumer_reg[0]/CK
          Clock: (R) clk
       Endpoint: (R) data_memory_controller_controller_state_reg[5]/D
          Clock: (R) clk

                     Capture       Launch     
        Clock Edge:+   10000            0     
       Src Latency:+       0            0     
       Net Latency:+       0 (I)        0 (I) 
           Arrival:=   10000            0     
                                              
             Setup:-     193                  
       Uncertainty:-      10                  
     Required Time:=    9797                  
      Launch Clock:-       0                  
         Data Path:-    9274                  
             Slack:=     522                  

#----------------------------------------------------------------------------------------------------------------------------------
#                       Timing Point                        Flags   Arc   Edge   Cell     Fanout Load Trans Delay Arrival Instance 
#                                                                                                (fF)  (ps)  (ps)   (ps)  Location 
#----------------------------------------------------------------------------------------------------------------------------------
  data_memory_controller_channel_serving_consumer_reg[0]/CK -       -     R     (arrival)   1827    -   100     0       0    (-,-) 
  data_memory_controller_channel_serving_consumer_reg[0]/Q  -       CK->Q F     DFFX1          3  9.6   250   376     376    (-,-) 
  g101683/Y                                                 -       B0->Y R     AOI2BB1X4      5 15.6   205   242     618    (-,-) 
  data_memory_controller_g69558/Y                           -       B->Y  R     OR2X6          4 13.3    64   187     805    (-,-) 
  data_memory_controller_g69532/Y                           -       A->Y  F     CLKINVX6      18 49.1   234   158     964    (-,-) 
  data_memory_controller_g69458/Y                           -       A->Y  R     NOR2X4         5 13.2   181   217    1181    (-,-) 
  data_memory_controller_g69403/Y                           -       B->Y  R     AND2X4         3 11.2    95   262    1443    (-,-) 
  data_memory_controller_g69385/Y                           -       B->Y  F     NAND2X2        3  8.3   272   202    1645    (-,-) 
  data_memory_controller_g69376/Y                           -       A->Y  R     INVX1          1  4.7   149   217    1862    (-,-) 
  data_memory_controller_g69347/Y                           -       A->Y  R     AND2X6        20 55.1   214   303    2164    (-,-) 
  data_memory_controller_g69317/Y                           -       B->Y  F     NOR2X2         3  9.2   162   191    2355    (-,-) 
  data_memory_controller_g69219/Y                           -       B->Y  F     AND2X1         2  7.0   187   222    2577    (-,-) 
  data_memory_controller_g69158/Y                           -       A->Y  R     INVX3         12 26.9   214   201    2778    (-,-) 
  data_memory_controller_g68943/Y                           -       A->Y  R     AND2X1         2  7.3   166   287    3065    (-,-) 
  data_memory_controller_g68888/Y                           -       B->Y  F     NAND2X2        2  6.2   218   208    3273    (-,-) 
  data_memory_controller_g68775/Y                           -       C->Y  F     OR3X1          3  9.1   248   350    3623    (-,-) 
  data_memory_controller_g68763/Y                           -       A->Y  R     INVX3         10 27.8   229   235    3858    (-,-) 
  data_memory_controller_g68752/Y                           -       A->Y  R     OR2X1          3 10.4   227   296    4153    (-,-) 
  data_memory_controller_g68733/Y                           -       B->Y  R     AND2X1         3  8.8   197   326    4479    (-,-) 
  data_memory_controller_g68716/Y                           -       B->Y  F     NAND2X2        3  8.3   275   255    4734    (-,-) 
  data_memory_controller_g68691/Y                           -       C->Y  F     OR3X1          3  9.6   261   381    5115    (-,-) 
  data_memory_controller_g68674/Y                           -       B->Y  F     AND2X6        19 51.0   243   305    5420    (-,-) 
  data_memory_controller_g68665/Y                           -       B->Y  R     NOR2X2         3 10.2   275   270    5690    (-,-) 
  data_memory_controller_g69958/Y                           -       B->Y  F     NAND2BX4       3  8.2   181   222    5912    (-,-) 
  data_memory_controller_g68608/Y                           -       C->Y  F     OR3X2          4 11.7   190   346    6259    (-,-) 
  data_memory_controller_g68599/Y                           -       A->Y  R     INVX3         10 27.6   219   206    6464    (-,-) 
  data_memory_controller_g68582/Y                           -       A->Y  R     OR2X1          3  8.4   186   268    6732    (-,-) 
  data_memory_controller_g68574/Y                           -       C->Y  R     OR3X2          6 16.0   184   266    6998    (-,-) 
  data_memory_controller_g68525/Y                           -       B->Y  R     AND2X2         4 11.5   149   302    7300    (-,-) 
  data_memory_controller_g68498/Y                           -       B->Y  F     NAND2X2        3  8.2   266   229    7529    (-,-) 
  data_memory_controller_g68451/Y                           -       B->Y  F     AND2X2         5 12.9   179   282    7811    (-,-) 
  data_memory_controller_g68419/Y                           -       D->Y  F     OR4X1          3  8.8   252   386    8197    (-,-) 
  data_memory_controller_g68384/Y                           -       B->Y  R     NOR2X2         3  9.0   251   260    8456    (-,-) 
  data_memory_controller_g68174/Y                           -       A->Y  F     NAND2X1        1  4.1   263   300    8757    (-,-) 
  data_memory_controller_g68117/Y                           -       C->Y  F     AND3XL         1  4.3   213   274    9031    (-,-) 
  data_memory_controller_g68041/Y                           -       A->Y  R     NOR2X1         1  4.1   220   244    9274    (-,-) 
  data_memory_controller_controller_state_reg[5]/D          <<<     -     R     DFFX2          1    -     -     0    9274    (-,-) 
#----------------------------------------------------------------------------------------------------------------------------------

